<?xml version="1.0" encoding="UTF-8"?>
<!-- Generated by org.testng.reporters.JUnitXMLReporter -->
<testsuite hostname="LAPTOP-MS7ESGR4" ignored="1" name="Surefire test" tests="1" failures="0" timestamp="02 Mar 2019 07:16:12 GMT" time="41.813" errors="0">
  <testcase name="screenShot" time="2.186" classname="TestNGListenerConcept.ScreenShotTest"/>
  <testcase name="takeScreenShotTest" time="0.0" classname="TestNGListenerConcept.ScreenShotTest">
    <ignored/>
  </testcase> <!-- takeScreenShotTest -->
</testsuite> <!-- Surefire test -->
