<?xml version="1.0" encoding="UTF-8"?>
<!-- Generated by org.testng.reporters.JUnitXMLReporter -->
<testsuite hostname="LAPTOP-MS7ESGR4" ignored="1" name="Default test" tests="1" failures="0" timestamp="26 Feb 2019 06:32:44 GMT" time="48.408" errors="0">
  <testcase name="screenShot" time="0.08" classname="TestNGListenerConcept.ScreenShotTest"/>
  <testcase name="takeScreenShotTest" time="0.0" classname="TestNGListenerConcept.ScreenShotTest">
    <ignored/>
  </testcase> <!-- takeScreenShotTest -->
</testsuite> <!-- Default test -->
