<?xml version="1.0" encoding="UTF-8"?>
<testng-results skipped="0" failed="0" ignored="1" total="2" passed="1">
  <reporter-output>
  </reporter-output>
  <suite name="Surefire suite" duration-ms="41813" started-at="2019-03-02T07:15:30Z" finished-at="2019-03-02T07:16:12Z">
    <groups>
    </groups>
    <test name="Surefire test" duration-ms="41813" started-at="2019-03-02T07:15:30Z" finished-at="2019-03-02T07:16:12Z">
      <class name="TestNGListenerConcept.ScreenShotTest">
        <test-method status="PASS" signature="setUp()[pri:0, instance:TestNGListenerConcept.ScreenShotTest@67b64c45]" name="setUp" is-config="true" duration-ms="38037" started-at="2019-03-02T12:45:30Z" finished-at="2019-03-02T12:46:08Z">
          <reporter-output>
          </reporter-output>
        </test-method> <!-- setUp -->
        <test-method status="PASS" signature="screenShot()[pri:0, instance:TestNGListenerConcept.ScreenShotTest@67b64c45]" name="screenShot" duration-ms="2186" started-at="2019-03-02T12:46:08Z" finished-at="2019-03-02T12:46:10Z">
          <reporter-output>
          </reporter-output>
        </test-method> <!-- screenShot -->
        <test-method status="PASS" signature="tearDown()[pri:0, instance:TestNGListenerConcept.ScreenShotTest@67b64c45]" name="tearDown" is-config="true" duration-ms="821" started-at="2019-03-02T12:46:11Z" finished-at="2019-03-02T12:46:12Z">
          <reporter-output>
          </reporter-output>
        </test-method> <!-- tearDown -->
      </class> <!-- TestNGListenerConcept.ScreenShotTest -->
    </test> <!-- Surefire test -->
  </suite> <!-- Surefire suite -->
</testng-results>
