<?xml version="1.0" encoding="UTF-8"?>
<testng-results skipped="0" failed="0" ignored="1" total="2" passed="1">
  <reporter-output>
  </reporter-output>
  <suite name="Default suite" duration-ms="48408" started-at="2019-02-26T06:31:56Z" finished-at="2019-02-26T06:32:44Z">
    <groups>
    </groups>
    <test name="Default test" duration-ms="48408" started-at="2019-02-26T06:31:56Z" finished-at="2019-02-26T06:32:44Z">
      <class name="TestNGListenerConcept.ScreenShotTest">
        <test-method status="PASS" signature="setUp()[pri:0, instance:TestNGListenerConcept.ScreenShotTest@77caeb3e]" name="setUp" is-config="true" duration-ms="47171" started-at="2019-02-26T06:31:56Z" finished-at="2019-02-26T06:32:43Z">
          <reporter-output>
          </reporter-output>
        </test-method> <!-- setUp -->
        <test-method status="PASS" signature="screenShot()[pri:0, instance:TestNGListenerConcept.ScreenShotTest@77caeb3e]" name="screenShot" duration-ms="80" started-at="2019-02-26T06:32:43Z" finished-at="2019-02-26T06:32:43Z">
          <reporter-output>
          </reporter-output>
        </test-method> <!-- screenShot -->
        <test-method status="PASS" signature="tearDown()[pri:0, instance:TestNGListenerConcept.ScreenShotTest@77caeb3e]" name="tearDown" is-config="true" duration-ms="713" started-at="2019-02-26T06:32:44Z" finished-at="2019-02-26T06:32:44Z">
          <reporter-output>
          </reporter-output>
        </test-method> <!-- tearDown -->
      </class> <!-- TestNGListenerConcept.ScreenShotTest -->
    </test> <!-- Default test -->
  </suite> <!-- Default suite -->
</testng-results>
